{"D:\\CodeStore\\supplychain-code-store\\scm_frontend_common\\src\\filters\\index.ts": {"path":"D:\\CodeStore\\supplychain-code-store\\scm_frontend_common\\src\\filters\\index.ts","statementMap":{"0":{"start":{"line":11,"column":0},"end":{"line":11,"column":9}},"1":{"start":{"line":11,"column":9},"end":{"line":11,"column":40}},"2":{"start":{"line":12,"column":0},"end":{"line":12,"column":9}},"3":{"start":{"line":12,"column":9},"end":{"line":12,"column":40}},"4":{"start":{"line":15,"column":0},"end":{"line":15,"column":9}},"5":{"start":{"line":15,"column":9},"end":{"line":15,"column":36}}},"fnMap":{"0":{"name":"(anonymous_0)","decl":{"start":{"line":11,"column":9},"end":{"line":11,"column":22}},"loc":{"start":{"line":11,"column":9},"end":{"line":11,"column":40}}},"1":{"name":"(anonymous_1)","decl":{"start":{"line":12,"column":9},"end":{"line":12,"column":22}},"loc":{"start":{"line":12,"column":9},"end":{"line":12,"column":40}}},"2":{"name":"(anonymous_2)","decl":{"start":{"line":15,"column":9},"end":{"line":15,"column":19}},"loc":{"start":{"line":15,"column":9},"end":{"line":15,"column":36}}}},"branchMap":{},"s":{"0":2,"1":4,"2":2,"3":4,"4":2,"5":15},"f":{"0":2,"1":2,"2":13},"b":{}}
,"D:\\CodeStore\\supplychain-code-store\\scm_frontend_common\\src\\filters\\date\\index.ts": {"path":"D:\\CodeStore\\supplychain-code-store\\scm_frontend_common\\src\\filters\\date\\index.ts","statementMap":{"0":{"start":{"line":17,"column":13},"end":{"line":80,"column":6}},"1":{"start":{"line":18,"column":18},"end":{"line":26,"column":5}},"2":{"start":{"line":27,"column":2},"end":{"line":79,"column":4}},"3":{"start":{"line":28,"column":4},"end":{"line":28,"column":75}},"4":{"start":{"line":28,"column":65},"end":{"line":28,"column":75}},"5":{"start":{"line":29,"column":17},"end":{"line":29,"column":34}},"6":{"start":{"line":31,"column":28},"end":{"line":56,"column":6}},"7":{"start":{"line":58,"column":4},"end":{"line":63,"column":null}},"8":{"start":{"line":59,"column":6},"end":{"line":62,"column":8}},"9":{"start":{"line":65,"column":4},"end":{"line":76,"column":null}},"10":{"start":{"line":66,"column":6},"end":{"line":75,"column":null}},"11":{"start":{"line":67,"column":8},"end":{"line":67,"column":75}},"12":{"start":{"line":68,"column":13},"end":{"line":75,"column":null}},"13":{"start":{"line":69,"column":8},"end":{"line":74,"column":10}},"14":{"start":{"line":78,"column":4},"end":{"line":78,"column":15}}},"fnMap":{"0":{"name":"(anonymous_0)","decl":{"start":{"line":17,"column":28},"end":{"line":17,"column":31}},"loc":{"start":{"line":17,"column":33},"end":{"line":80,"column":1}}},"1":{"name":"formatDate","decl":{"start":{"line":27,"column":18},"end":{"line":27,"column":28}},"loc":{"start":{"line":27,"column":88},"end":{"line":79,"column":3}}}},"branchMap":{"0":{"loc":{"start":{"line":27,"column":67},"end":{"line":27,"column":88}},"type":"default-arg","locations":[{"start":{"line":27,"column":67},"end":{"line":27,"column":88}}]},"1":{"loc":{"start":{"line":28,"column":4},"end":{"line":28,"column":75}},"type":"if","locations":[{"start":{"line":28,"column":4},"end":{"line":28,"column":75}},{"start":{"line":28,"column":4},"end":{"line":28,"column":75}}]},"2":{"loc":{"start":{"line":28,"column":9},"end":{"line":28,"column":21}},"type":"binary-expr","locations":[{"start":{"line":28,"column":9},"end":{"line":28,"column":21}},{"start":{"line":28,"column":25},"end":{"line":28,"column":44}},{"start":{"line":28,"column":48},"end":{"line":28,"column":62}}]},"3":{"loc":{"start":{"line":58,"column":4},"end":{"line":63,"column":null}},"type":"if","locations":[{"start":{"line":58,"column":4},"end":{"line":63,"column":null}},{"start":{"line":58,"column":4},"end":{"line":63,"column":null}}]},"4":{"loc":{"start":{"line":66,"column":6},"end":{"line":75,"column":null}},"type":"if","locations":[{"start":{"line":66,"column":6},"end":{"line":75,"column":null}},{"start":{"line":66,"column":6},"end":{"line":75,"column":null}}]},"5":{"loc":{"start":{"line":68,"column":13},"end":{"line":75,"column":null}},"type":"if","locations":[{"start":{"line":68,"column":13},"end":{"line":75,"column":null}},{"start":{"line":68,"column":13},"end":{"line":75,"column":null}}]},"6":{"loc":{"start":{"line":72,"column":14},"end":{"line":72,"column":31}},"type":"cond-expr","locations":[{"start":{"line":72,"column":14},"end":{"line":72,"column":31}},{"start":{"line":73,"column":14},"end":{"line":73,"column":86}}]}},"s":{"0":2,"1":2,"2":2,"3":13,"4":1,"5":12,"6":12,"7":12,"8":5,"9":12,"10":96,"11":12,"12":84,"13":16,"14":12},"f":{"0":2,"1":13},"b":{"0":[0],"1":[1,12],"2":[13,12,12],"3":[5,7],"4":[12,84],"5":[16,68],"6":[3,13]}}
,"D:\\CodeStore\\supplychain-code-store\\scm_frontend_common\\src\\filters\\ratio\\index.ts": {"path":"D:\\CodeStore\\supplychain-code-store\\scm_frontend_common\\src\\filters\\ratio\\index.ts","statementMap":{"0":{"start":{"line":12,"column":2},"end":{"line":12,"column":80}},"1":{"start":{"line":22,"column":2},"end":{"line":31,"column":4}},"2":{"start":{"line":23,"column":4},"end":{"line":30,"column":null}},"3":{"start":{"line":24,"column":37},"end":{"line":24,"column":51}},"4":{"start":{"line":25,"column":6},"end":{"line":25,"column":95}},"5":{"start":{"line":26,"column":6},"end":{"line":26,"column":26}},"6":{"start":{"line":27,"column":6},"end":{"line":27,"column":96}},"7":{"start":{"line":29,"column":6},"end":{"line":29,"column":16}},"8":{"start":{"line":21,"column":0},"end":{"line":21,"column":16}},"9":{"start":{"line":42,"column":2},"end":{"line":51,"column":4}},"10":{"start":{"line":43,"column":4},"end":{"line":50,"column":null}},"11":{"start":{"line":44,"column":6},"end":{"line":44,"column":16}},"12":{"start":{"line":46,"column":27},"end":{"line":46,"column":41}},"13":{"start":{"line":47,"column":6},"end":{"line":47,"column":95}},"14":{"start":{"line":48,"column":6},"end":{"line":48,"column":26}},"15":{"start":{"line":49,"column":6},"end":{"line":49,"column":60}},"16":{"start":{"line":41,"column":0},"end":{"line":41,"column":16}}},"fnMap":{"0":{"name":"isEmpty","decl":{"start":{"line":11,"column":9},"end":{"line":11,"column":16}},"loc":{"start":{"line":11,"column":25},"end":{"line":13,"column":1}}},"1":{"name":"numberToRatio","decl":{"start":{"line":21,"column":16},"end":{"line":21,"column":29}},"loc":{"start":{"line":21,"column":48},"end":{"line":32,"column":1}}},"2":{"name":"numberToRatio","decl":{"start":{"line":22,"column":18},"end":{"line":22,"column":31}},"loc":{"start":{"line":22,"column":53},"end":{"line":31,"column":3}}},"3":{"name":"ratioToNumber","decl":{"start":{"line":41,"column":16},"end":{"line":41,"column":29}},"loc":{"start":{"line":41,"column":49},"end":{"line":52,"column":1}}},"4":{"name":"(anonymous_4)","decl":{"start":{"line":42,"column":9},"end":{"line":42,"column":20}},"loc":{"start":{"line":42,"column":39},"end":{"line":51,"column":3}}}},"branchMap":{"0":{"loc":{"start":{"line":12,"column":9},"end":{"line":12,"column":19}},"type":"binary-expr","locations":[{"start":{"line":12,"column":9},"end":{"line":12,"column":19}},{"start":{"line":12,"column":23},"end":{"line":12,"column":40}},{"start":{"line":12,"column":44},"end":{"line":12,"column":56}},{"start":{"line":12,"column":60},"end":{"line":12,"column":79}}]},"1":{"loc":{"start":{"line":23,"column":4},"end":{"line":30,"column":null}},"type":"if","locations":[{"start":{"line":23,"column":4},"end":{"line":30,"column":null}},{"start":{"line":23,"column":4},"end":{"line":30,"column":null}}]},"2":{"loc":{"start":{"line":25,"column":47},"end":{"line":25,"column":75}},"type":"binary-expr","locations":[{"start":{"line":25,"column":47},"end":{"line":25,"column":75}},{"start":{"line":25,"column":79},"end":{"line":25,"column":81}}]},"3":{"loc":{"start":{"line":41,"column":39},"end":{"line":41,"column":49}},"type":"default-arg","locations":[{"start":{"line":41,"column":39},"end":{"line":41,"column":49}}]},"4":{"loc":{"start":{"line":43,"column":4},"end":{"line":50,"column":null}},"type":"if","locations":[{"start":{"line":43,"column":4},"end":{"line":50,"column":null}},{"start":{"line":43,"column":4},"end":{"line":50,"column":null}}]},"5":{"loc":{"start":{"line":47,"column":47},"end":{"line":47,"column":75}},"type":"binary-expr","locations":[{"start":{"line":47,"column":47},"end":{"line":47,"column":75}},{"start":{"line":47,"column":79},"end":{"line":47,"column":81}}]}},"s":{"0":12,"1":2,"2":5,"3":4,"4":4,"5":4,"6":4,"7":1,"8":2,"9":2,"10":7,"11":1,"12":6,"13":6,"14":6,"15":6,"16":2},"f":{"0":12,"1":2,"2":5,"3":2,"4":7},"b":{"0":[12,10,10,10],"1":[4,1],"2":[4,0],"3":[0],"4":[1,6],"5":[6,4]}}
,"D:\\CodeStore\\supplychain-code-store\\scm_frontend_common\\src\\utils\\index.ts": {"path":"D:\\CodeStore\\supplychain-code-store\\scm_frontend_common\\src\\utils\\index.ts","statementMap":{"0":{"start":{"line":17,"column":0},"end":{"line":17,"column":9}},"1":{"start":{"line":17,"column":9},"end":{"line":17,"column":33}}},"fnMap":{"0":{"name":"(anonymous_1)","decl":{"start":{"line":17,"column":9},"end":{"line":17,"column":16}},"loc":{"start":{"line":17,"column":9},"end":{"line":17,"column":33}}}},"branchMap":{},"s":{"0":1,"1":4},"f":{"0":3},"b":{}}
,"D:\\CodeStore\\supplychain-code-store\\scm_frontend_common\\src\\utils\\object\\camelCaseKeys\\QuickLru.js": {"path":"D:\\CodeStore\\supplychain-code-store\\scm_frontend_common\\src\\utils\\object\\camelCaseKeys\\QuickLru.js","statementMap":{"0":{"start":{"line":5,"column":4},"end":{"line":7,"column":5}},"1":{"start":{"line":6,"column":6},"end":{"line":6,"column":73}},"2":{"start":{"line":9,"column":4},"end":{"line":9,"column":35}},"3":{"start":{"line":10,"column":4},"end":{"line":10,"column":27}},"4":{"start":{"line":11,"column":4},"end":{"line":11,"column":30}},"5":{"start":{"line":12,"column":4},"end":{"line":12,"column":19}},"6":{"start":{"line":16,"column":4},"end":{"line":16,"column":33}},"7":{"start":{"line":17,"column":4},"end":{"line":17,"column":17}},"8":{"start":{"line":19,"column":4},"end":{"line":23,"column":5}},"9":{"start":{"line":20,"column":6},"end":{"line":20,"column":21}},"10":{"start":{"line":21,"column":6},"end":{"line":21,"column":33}},"11":{"start":{"line":22,"column":6},"end":{"line":22,"column":29}},"12":{"start":{"line":27,"column":4},"end":{"line":29,"column":5}},"13":{"start":{"line":28,"column":6},"end":{"line":28,"column":35}},"14":{"start":{"line":31,"column":4},"end":{"line":36,"column":5}},"15":{"start":{"line":32,"column":20},"end":{"line":32,"column":44}},"16":{"start":{"line":33,"column":6},"end":{"line":33,"column":34}},"17":{"start":{"line":34,"column":6},"end":{"line":34,"column":30}},"18":{"start":{"line":35,"column":6},"end":{"line":35,"column":19}},"19":{"start":{"line":40,"column":4},"end":{"line":44,"column":5}},"20":{"start":{"line":41,"column":6},"end":{"line":41,"column":35}},"21":{"start":{"line":43,"column":6},"end":{"line":43,"column":30}},"22":{"start":{"line":46,"column":4},"end":{"line":46,"column":16}},"23":{"start":{"line":50,"column":4},"end":{"line":50,"column":61}},"24":{"start":{"line":54,"column":4},"end":{"line":56,"column":5}},"25":{"start":{"line":55,"column":6},"end":{"line":55,"column":35}},"26":{"start":{"line":58,"column":4},"end":{"line":60,"column":5}},"27":{"start":{"line":59,"column":6},"end":{"line":59,"column":38}},"28":{"start":{"line":64,"column":20},"end":{"line":64,"column":44}},"29":{"start":{"line":65,"column":4},"end":{"line":67,"column":5}},"30":{"start":{"line":66,"column":6},"end":{"line":66,"column":19}},"31":{"start":{"line":69,"column":4},"end":{"line":69,"column":50}},"32":{"start":{"line":73,"column":4},"end":{"line":73,"column":23}},"33":{"start":{"line":74,"column":4},"end":{"line":74,"column":26}},"34":{"start":{"line":75,"column":4},"end":{"line":75,"column":19}},"35":{"start":{"line":79,"column":4},"end":{"line":81,"column":5}},"36":{"start":{"line":80,"column":6},"end":{"line":80,"column":16}},"37":{"start":{"line":85,"column":4},"end":{"line":87,"column":5}},"38":{"start":{"line":86,"column":6},"end":{"line":86,"column":18}},"39":{"start":{"line":91,"column":4},"end":{"line":93,"column":5}},"40":{"start":{"line":92,"column":6},"end":{"line":92,"column":17}},"41":{"start":{"line":95,"column":4},"end":{"line":100,"column":5}},"42":{"start":{"line":96,"column":22},"end":{"line":96,"column":26}},"43":{"start":{"line":97,"column":6},"end":{"line":99,"column":7}},"44":{"start":{"line":98,"column":8},"end":{"line":98,"column":19}},"45":{"start":{"line":104,"column":23},"end":{"line":104,"column":24}},"46":{"start":{"line":105,"column":4},"end":{"line":109,"column":5}},"47":{"start":{"line":106,"column":6},"end":{"line":108,"column":7}},"48":{"start":{"line":107,"column":8},"end":{"line":107,"column":23}},"49":{"start":{"line":111,"column":4},"end":{"line":111,"column":37}}},"fnMap":{"0":{"name":"(anonymous_0)","decl":{"start":{"line":4,"column":2},"end":{"line":4,"column":3}},"loc":{"start":{"line":4,"column":30},"end":{"line":13,"column":3}},"line":4},"1":{"name":"(anonymous_1)","decl":{"start":{"line":15,"column":2},"end":{"line":15,"column":3}},"loc":{"start":{"line":15,"column":21},"end":{"line":24,"column":3}},"line":15},"2":{"name":"(anonymous_2)","decl":{"start":{"line":26,"column":2},"end":{"line":26,"column":3}},"loc":{"start":{"line":26,"column":13},"end":{"line":37,"column":3}},"line":26},"3":{"name":"(anonymous_3)","decl":{"start":{"line":39,"column":2},"end":{"line":39,"column":3}},"loc":{"start":{"line":39,"column":20},"end":{"line":47,"column":3}},"line":39},"4":{"name":"(anonymous_4)","decl":{"start":{"line":49,"column":2},"end":{"line":49,"column":3}},"loc":{"start":{"line":49,"column":13},"end":{"line":51,"column":3}},"line":49},"5":{"name":"(anonymous_5)","decl":{"start":{"line":53,"column":2},"end":{"line":53,"column":3}},"loc":{"start":{"line":53,"column":14},"end":{"line":61,"column":3}},"line":53},"6":{"name":"(anonymous_6)","decl":{"start":{"line":63,"column":2},"end":{"line":63,"column":3}},"loc":{"start":{"line":63,"column":16},"end":{"line":70,"column":3}},"line":63},"7":{"name":"(anonymous_7)","decl":{"start":{"line":72,"column":2},"end":{"line":72,"column":3}},"loc":{"start":{"line":72,"column":10},"end":{"line":76,"column":3}},"line":72},"8":{"name":"(anonymous_8)","decl":{"start":{"line":78,"column":2},"end":{"line":78,"column":3}},"loc":{"start":{"line":78,"column":11},"end":{"line":82,"column":3}},"line":78},"9":{"name":"(anonymous_9)","decl":{"start":{"line":84,"column":2},"end":{"line":84,"column":3}},"loc":{"start":{"line":84,"column":13},"end":{"line":88,"column":3}},"line":84},"10":{"name":"(anonymous_10)","decl":{"start":{"line":90,"column":2},"end":{"line":90,"column":3}},"loc":{"start":{"line":90,"column":25},"end":{"line":101,"column":3}},"line":90},"11":{"name":"(anonymous_11)","decl":{"start":{"line":103,"column":2},"end":{"line":103,"column":3}},"loc":{"start":{"line":103,"column":13},"end":{"line":112,"column":3}},"line":103}},"branchMap":{"0":{"loc":{"start":{"line":4,"column":15},"end":{"line":4,"column":27}},"type":"default-arg","locations":[{"start":{"line":4,"column":25},"end":{"line":4,"column":27}}],"line":4},"1":{"loc":{"start":{"line":5,"column":4},"end":{"line":7,"column":5}},"type":"if","locations":[{"start":{"line":5,"column":4},"end":{"line":7,"column":5}},{"start":{"line":5,"column":4},"end":{"line":7,"column":5}}],"line":5},"2":{"loc":{"start":{"line":5,"column":12},"end":{"line":5,"column":50}},"type":"binary-expr","locations":[{"start":{"line":5,"column":12},"end":{"line":5,"column":27}},{"start":{"line":5,"column":31},"end":{"line":5,"column":50}}],"line":5},"3":{"loc":{"start":{"line":19,"column":4},"end":{"line":23,"column":5}},"type":"if","locations":[{"start":{"line":19,"column":4},"end":{"line":23,"column":5}},{"start":{"line":19,"column":4},"end":{"line":23,"column":5}}],"line":19},"4":{"loc":{"start":{"line":27,"column":4},"end":{"line":29,"column":5}},"type":"if","locations":[{"start":{"line":27,"column":4},"end":{"line":29,"column":5}},{"start":{"line":27,"column":4},"end":{"line":29,"column":5}}],"line":27},"5":{"loc":{"start":{"line":31,"column":4},"end":{"line":36,"column":5}},"type":"if","locations":[{"start":{"line":31,"column":4},"end":{"line":36,"column":5}},{"start":{"line":31,"column":4},"end":{"line":36,"column":5}}],"line":31},"6":{"loc":{"start":{"line":40,"column":4},"end":{"line":44,"column":5}},"type":"if","locations":[{"start":{"line":40,"column":4},"end":{"line":44,"column":5}},{"start":{"line":40,"column":4},"end":{"line":44,"column":5}}],"line":40},"7":{"loc":{"start":{"line":50,"column":11},"end":{"line":50,"column":60}},"type":"binary-expr","locations":[{"start":{"line":50,"column":11},"end":{"line":50,"column":32}},{"start":{"line":50,"column":36},"end":{"line":50,"column":60}}],"line":50},"8":{"loc":{"start":{"line":54,"column":4},"end":{"line":56,"column":5}},"type":"if","locations":[{"start":{"line":54,"column":4},"end":{"line":56,"column":5}},{"start":{"line":54,"column":4},"end":{"line":56,"column":5}}],"line":54},"9":{"loc":{"start":{"line":58,"column":4},"end":{"line":60,"column":5}},"type":"if","locations":[{"start":{"line":58,"column":4},"end":{"line":60,"column":5}},{"start":{"line":58,"column":4},"end":{"line":60,"column":5}}],"line":58},"10":{"loc":{"start":{"line":65,"column":4},"end":{"line":67,"column":5}},"type":"if","locations":[{"start":{"line":65,"column":4},"end":{"line":67,"column":5}},{"start":{"line":65,"column":4},"end":{"line":67,"column":5}}],"line":65},"11":{"loc":{"start":{"line":69,"column":11},"end":{"line":69,"column":49}},"type":"binary-expr","locations":[{"start":{"line":69,"column":11},"end":{"line":69,"column":38}},{"start":{"line":69,"column":42},"end":{"line":69,"column":49}}],"line":69},"12":{"loc":{"start":{"line":97,"column":6},"end":{"line":99,"column":7}},"type":"if","locations":[{"start":{"line":97,"column":6},"end":{"line":99,"column":7}},{"start":{"line":97,"column":6},"end":{"line":99,"column":7}}],"line":97},"13":{"loc":{"start":{"line":106,"column":6},"end":{"line":108,"column":7}},"type":"if","locations":[{"start":{"line":106,"column":6},"end":{"line":108,"column":7}},{"start":{"line":106,"column":6},"end":{"line":108,"column":7}}],"line":106}},"s":{"0":1,"1":0,"2":1,"3":1,"4":1,"5":1,"6":3,"7":3,"8":3,"9":0,"10":0,"11":0,"12":2,"13":2,"14":0,"15":0,"16":0,"17":0,"18":0,"19":3,"20":0,"21":3,"22":3,"23":5,"24":0,"25":0,"26":0,"27":0,"28":0,"29":0,"30":0,"31":0,"32":0,"33":0,"34":0,"35":0,"36":0,"37":0,"38":0,"39":0,"40":0,"41":0,"42":0,"43":0,"44":0,"45":0,"46":0,"47":0,"48":0,"49":0},"f":{"0":1,"1":3,"2":2,"3":3,"4":5,"5":0,"6":0,"7":0,"8":0,"9":0,"10":0,"11":0},"b":{"0":[0],"1":[0,1],"2":[1,1],"3":[0,3],"4":[2,0],"5":[0,0],"6":[0,3],"7":[5,3],"8":[0,0],"9":[0,0],"10":[0,0],"11":[0,0],"12":[0,0],"13":[0,0]},"_coverageSchema":"1a1c01bbd47fc00a2c39e90264f33305004495a9","hash":"a2509174486e1b83a7c62d24f5ce6d97c8c412f9"}
,"D:\\CodeStore\\supplychain-code-store\\scm_frontend_common\\src\\utils\\object\\camelCaseKeys\\camelCase.js": {"path":"D:\\CodeStore\\supplychain-code-store\\scm_frontend_common\\src\\utils\\object\\camelCaseKeys\\camelCase.js","statementMap":{"0":{"start":{"line":11,"column":26},"end":{"line":47,"column":1}},"1":{"start":{"line":12,"column":24},"end":{"line":12,"column":29}},"2":{"start":{"line":13,"column":24},"end":{"line":13,"column":29}},"3":{"start":{"line":14,"column":28},"end":{"line":14,"column":33}},"4":{"start":{"line":16,"column":2},"end":{"line":44,"column":3}},"5":{"start":{"line":16,"column":16},"end":{"line":16,"column":17}},"6":{"start":{"line":17,"column":22},"end":{"line":17,"column":33}},"7":{"start":{"line":19,"column":4},"end":{"line":43,"column":5}},"8":{"start":{"line":23,"column":6},"end":{"line":23,"column":62}},"9":{"start":{"line":24,"column":6},"end":{"line":24,"column":30}},"10":{"start":{"line":25,"column":6},"end":{"line":25,"column":44}},"11":{"start":{"line":26,"column":6},"end":{"line":26,"column":29}},"12":{"start":{"line":27,"column":6},"end":{"line":27,"column":10}},"13":{"start":{"line":28,"column":11},"end":{"line":43,"column":5}},"14":{"start":{"line":33,"column":6},"end":{"line":33,"column":70}},"15":{"start":{"line":34,"column":6},"end":{"line":34,"column":44}},"16":{"start":{"line":35,"column":6},"end":{"line":35,"column":30}},"17":{"start":{"line":36,"column":6},"end":{"line":36,"column":29}},"18":{"start":{"line":38,"column":6},"end":{"line":39,"column":46}},"19":{"start":{"line":40,"column":6},"end":{"line":40,"column":44}},"20":{"start":{"line":41,"column":6},"end":{"line":42,"column":46}},"21":{"start":{"line":46,"column":2},"end":{"line":46,"column":16}},"22":{"start":{"line":49,"column":18},"end":{"line":89,"column":1}},"23":{"start":{"line":50,"column":2},"end":{"line":52,"column":3}},"24":{"start":{"line":51,"column":4},"end":{"line":51,"column":74}},"25":{"start":{"line":54,"column":2},"end":{"line":56,"column":15}},"26":{"start":{"line":58,"column":22},"end":{"line":58,"column":94}},"27":{"start":{"line":58,"column":27},"end":{"line":58,"column":94}},"28":{"start":{"line":60,"column":2},"end":{"line":66,"column":3}},"29":{"start":{"line":61,"column":4},"end":{"line":63,"column":18}},"30":{"start":{"line":61,"column":28},"end":{"line":61,"column":36}},"31":{"start":{"line":62,"column":19},"end":{"line":62,"column":27}},"32":{"start":{"line":65,"column":4},"end":{"line":65,"column":25}},"33":{"start":{"line":68,"column":2},"end":{"line":70,"column":3}},"34":{"start":{"line":69,"column":4},"end":{"line":69,"column":14}},"35":{"start":{"line":72,"column":2},"end":{"line":74,"column":3}},"36":{"start":{"line":73,"column":4},"end":{"line":73,"column":74}},"37":{"start":{"line":76,"column":23},"end":{"line":76,"column":52}},"38":{"start":{"line":78,"column":2},"end":{"line":80,"column":3}},"39":{"start":{"line":79,"column":4},"end":{"line":79,"column":39}},"40":{"start":{"line":82,"column":2},"end":{"line":86,"column":50}},"41":{"start":{"line":85,"column":45},"end":{"line":85,"column":61}},"42":{"start":{"line":86,"column":32},"end":{"line":86,"column":47}},"43":{"start":{"line":88,"column":2},"end":{"line":88,"column":30}}},"fnMap":{"0":{"name":"(anonymous_0)","decl":{"start":{"line":11,"column":26},"end":{"line":11,"column":27}},"loc":{"start":{"line":11,"column":36},"end":{"line":47,"column":1}},"line":11},"1":{"name":"(anonymous_1)","decl":{"start":{"line":49,"column":18},"end":{"line":49,"column":19}},"loc":{"start":{"line":49,"column":40},"end":{"line":89,"column":1}},"line":49},"2":{"name":"(anonymous_2)","decl":{"start":{"line":58,"column":22},"end":{"line":58,"column":23}},"loc":{"start":{"line":58,"column":27},"end":{"line":58,"column":94}},"line":58},"3":{"name":"(anonymous_3)","decl":{"start":{"line":61,"column":23},"end":{"line":61,"column":24}},"loc":{"start":{"line":61,"column":28},"end":{"line":61,"column":36}},"line":61},"4":{"name":"(anonymous_4)","decl":{"start":{"line":62,"column":14},"end":{"line":62,"column":15}},"loc":{"start":{"line":62,"column":19},"end":{"line":62,"column":27}},"line":62},"5":{"name":"(anonymous_5)","decl":{"start":{"line":85,"column":32},"end":{"line":85,"column":33}},"loc":{"start":{"line":85,"column":45},"end":{"line":85,"column":61}},"line":85},"6":{"name":"(anonymous_6)","decl":{"start":{"line":86,"column":27},"end":{"line":86,"column":28}},"loc":{"start":{"line":86,"column":32},"end":{"line":86,"column":47}},"line":86}},"branchMap":{"0":{"loc":{"start":{"line":19,"column":4},"end":{"line":43,"column":5}},"type":"if","locations":[{"start":{"line":19,"column":4},"end":{"line":43,"column":5}},{"start":{"line":19,"column":4},"end":{"line":43,"column":5}}],"line":19},"1":{"loc":{"start":{"line":20,"column":6},"end":{"line":21,"column":43}},"type":"binary-expr","locations":[{"start":{"line":20,"column":6},"end":{"line":20,"column":21}},{"start":{"line":20,"column":25},"end":{"line":20,"column":53}},{"start":{"line":21,"column":6},"end":{"line":21,"column":43}}],"line":20},"2":{"loc":{"start":{"line":28,"column":11},"end":{"line":43,"column":5}},"type":"if","locations":[{"start":{"line":28,"column":11},"end":{"line":43,"column":5}},{"start":{"line":28,"column":11},"end":{"line":43,"column":5}}],"line":28},"3":{"loc":{"start":{"line":29,"column":6},"end":{"line":31,"column":43}},"type":"binary-expr","locations":[{"start":{"line":29,"column":6},"end":{"line":29,"column":21}},{"start":{"line":29,"column":25},"end":{"line":29,"column":44}},{"start":{"line":30,"column":6},"end":{"line":30,"column":34}},{"start":{"line":31,"column":6},"end":{"line":31,"column":43}}],"line":29},"4":{"loc":{"start":{"line":38,"column":24},"end":{"line":39,"column":45}},"type":"binary-expr","locations":[{"start":{"line":38,"column":24},"end":{"line":38,"column":61}},{"start":{"line":39,"column":8},"end":{"line":39,"column":45}}],"line":38},"5":{"loc":{"start":{"line":41,"column":24},"end":{"line":42,"column":45}},"type":"binary-expr","locations":[{"start":{"line":41,"column":24},"end":{"line":41,"column":61}},{"start":{"line":42,"column":8},"end":{"line":42,"column":45}}],"line":41},"6":{"loc":{"start":{"line":50,"column":2},"end":{"line":52,"column":3}},"type":"if","locations":[{"start":{"line":50,"column":2},"end":{"line":52,"column":3}},{"start":{"line":50,"column":2},"end":{"line":52,"column":3}}],"line":50},"7":{"loc":{"start":{"line":50,"column":10},"end":{"line":50,"column":61}},"type":"binary-expr","locations":[{"start":{"line":50,"column":10},"end":{"line":50,"column":35}},{"start":{"line":50,"column":39},"end":{"line":50,"column":61}}],"line":50},"8":{"loc":{"start":{"line":58,"column":27},"end":{"line":58,"column":94}},"type":"cond-expr","locations":[{"start":{"line":58,"column":48},"end":{"line":58,"column":90}},{"start":{"line":58,"column":93},"end":{"line":58,"column":94}}],"line":58},"9":{"loc":{"start":{"line":60,"column":2},"end":{"line":66,"column":3}},"type":"if","locations":[{"start":{"line":60,"column":2},"end":{"line":66,"column":3}},{"start":{"line":60,"column":2},"end":{"line":66,"column":3}}],"line":60},"10":{"loc":{"start":{"line":68,"column":2},"end":{"line":70,"column":3}},"type":"if","locations":[{"start":{"line":68,"column":2},"end":{"line":70,"column":3}},{"start":{"line":68,"column":2},"end":{"line":70,"column":3}}],"line":68},"11":{"loc":{"start":{"line":72,"column":2},"end":{"line":74,"column":3}},"type":"if","locations":[{"start":{"line":72,"column":2},"end":{"line":74,"column":3}},{"start":{"line":72,"column":2},"end":{"line":74,"column":3}}],"line":72},"12":{"loc":{"start":{"line":73,"column":11},"end":{"line":73,"column":73}},"type":"cond-expr","locations":[{"start":{"line":73,"column":32},"end":{"line":73,"column":51}},{"start":{"line":73,"column":54},"end":{"line":73,"column":73}}],"line":73},"13":{"loc":{"start":{"line":78,"column":2},"end":{"line":80,"column":3}},"type":"if","locations":[{"start":{"line":78,"column":2},"end":{"line":80,"column":3}},{"start":{"line":78,"column":2},"end":{"line":80,"column":3}}],"line":78}},"s":{"0":1,"1":0,"2":0,"3":0,"4":0,"5":0,"6":0,"7":0,"8":0,"9":0,"10":0,"11":0,"12":0,"13":0,"14":0,"15":0,"16":0,"17":0,"18":0,"19":0,"20":0,"21":0,"22":1,"23":3,"24":0,"25":3,"26":3,"27":2,"28":3,"29":0,"30":0,"31":0,"32":3,"33":3,"34":0,"35":3,"36":1,"37":2,"38":2,"39":0,"40":2,"41":3,"42":0,"43":2},"f":{"0":0,"1":3,"2":2,"3":0,"4":0,"5":3,"6":0},"b":{"0":[0,0],"1":[0,0,0],"2":[0,0],"3":[0,0,0,0],"4":[0,0],"5":[0,0],"6":[0,3],"7":[3,0],"8":[0,2],"9":[0,3],"10":[0,3],"11":[1,2],"12":[0,1],"13":[0,2]},"_coverageSchema":"1a1c01bbd47fc00a2c39e90264f33305004495a9","hash":"55cb98537e58aa2448dd65d195b51bdda34f0327"}
,"D:\\CodeStore\\supplychain-code-store\\scm_frontend_common\\src\\utils\\object\\camelCaseKeys\\index.js": {"path":"D:\\CodeStore\\supplychain-code-store\\scm_frontend_common\\src\\utils\\object\\camelCaseKeys\\index.js","statementMap":{"0":{"start":{"line":14,"column":12},"end":{"line":21,"column":3}},"1":{"start":{"line":14,"column":30},"end":{"line":21,"column":3}},"2":{"start":{"line":15,"column":2},"end":{"line":17,"column":3}},"3":{"start":{"line":16,"column":4},"end":{"line":16,"column":21}},"4":{"start":{"line":19,"column":2},"end":{"line":19,"column":18}},"5":{"start":{"line":20,"column":2},"end":{"line":20,"column":23}},"6":{"start":{"line":23,"column":14},"end":{"line":23,"column":49}},"7":{"start":{"line":26,"column":17},"end":{"line":31,"column":28}},"8":{"start":{"line":27,"column":2},"end":{"line":31,"column":28}},"9":{"start":{"line":33,"column":25},"end":{"line":79,"column":1}},"10":{"start":{"line":34,"column":2},"end":{"line":36,"column":3}},"11":{"start":{"line":35,"column":4},"end":{"line":35,"column":17}},"12":{"start":{"line":38,"column":2},"end":{"line":42,"column":4}},"13":{"start":{"line":44,"column":51},"end":{"line":44,"column":58}},"14":{"start":{"line":46,"column":23},"end":{"line":46,"column":43}},"15":{"start":{"line":48,"column":21},"end":{"line":76,"column":3}},"16":{"start":{"line":48,"column":35},"end":{"line":76,"column":3}},"17":{"start":{"line":49,"column":4},"end":{"line":55,"column":5}},"18":{"start":{"line":50,"column":19},"end":{"line":50,"column":74}},"19":{"start":{"line":52,"column":6},"end":{"line":54,"column":7}},"20":{"start":{"line":53,"column":8},"end":{"line":53,"column":52}},"21":{"start":{"line":57,"column":4},"end":{"line":73,"column":5}},"22":{"start":{"line":58,"column":23},"end":{"line":58,"column":51}},"23":{"start":{"line":60,"column":6},"end":{"line":72,"column":7}},"24":{"start":{"line":61,"column":8},"end":{"line":61,"column":36}},"25":{"start":{"line":63,"column":20},"end":{"line":63,"column":52}},"26":{"start":{"line":65,"column":8},"end":{"line":69,"column":9}},"27":{"start":{"line":68,"column":10},"end":{"line":68,"column":37}},"28":{"start":{"line":71,"column":8},"end":{"line":71,"column":18}},"29":{"start":{"line":75,"column":4},"end":{"line":75,"column":26}},"30":{"start":{"line":78,"column":2},"end":{"line":78,"column":50}},"31":{"start":{"line":82,"column":2},"end":{"line":84,"column":3}},"32":{"start":{"line":83,"column":4},"end":{"line":83,"column":88}},"33":{"start":{"line":83,"column":44},"end":{"line":83,"column":85}},"34":{"start":{"line":86,"column":2},"end":{"line":86,"column":44}}},"fnMap":{"0":{"name":"(anonymous_0)","decl":{"start":{"line":14,"column":12},"end":{"line":14,"column":13}},"loc":{"start":{"line":14,"column":30},"end":{"line":21,"column":3}},"line":14},"1":{"name":"(anonymous_1)","decl":{"start":{"line":14,"column":42},"end":{"line":14,"column":43}},"loc":{"start":{"line":14,"column":47},"end":{"line":21,"column":1}},"line":14},"2":{"name":"(anonymous_2)","decl":{"start":{"line":26,"column":17},"end":{"line":26,"column":18}},"loc":{"start":{"line":27,"column":2},"end":{"line":31,"column":28}},"line":27},"3":{"name":"(anonymous_3)","decl":{"start":{"line":33,"column":25},"end":{"line":33,"column":26}},"loc":{"start":{"line":33,"column":47},"end":{"line":79,"column":1}},"line":33},"4":{"name":"(anonymous_4)","decl":{"start":{"line":48,"column":21},"end":{"line":48,"column":22}},"loc":{"start":{"line":48,"column":35},"end":{"line":76,"column":3}},"line":48},"5":{"name":"(anonymous_5)","decl":{"start":{"line":48,"column":35},"end":{"line":48,"column":36}},"loc":{"start":{"line":48,"column":53},"end":{"line":76,"column":3}},"line":48},"6":{"name":"(anonymous_6)","decl":{"start":{"line":81,"column":15},"end":{"line":81,"column":16}},"loc":{"start":{"line":81,"column":37},"end":{"line":87,"column":1}},"line":81},"7":{"name":"(anonymous_7)","decl":{"start":{"line":83,"column":37},"end":{"line":83,"column":38}},"loc":{"start":{"line":83,"column":44},"end":{"line":83,"column":85}},"line":83}},"branchMap":{"0":{"loc":{"start":{"line":15,"column":2},"end":{"line":17,"column":3}},"type":"if","locations":[{"start":{"line":15,"column":2},"end":{"line":17,"column":3}},{"start":{"line":15,"column":2},"end":{"line":17,"column":3}}],"line":15},"1":{"loc":{"start":{"line":27,"column":2},"end":{"line":31,"column":28}},"type":"binary-expr","locations":[{"start":{"line":27,"column":2},"end":{"line":27,"column":27}},{"start":{"line":28,"column":2},"end":{"line":28,"column":16}},{"start":{"line":29,"column":2},"end":{"line":29,"column":30}},{"start":{"line":30,"column":2},"end":{"line":30,"column":29}},{"start":{"line":31,"column":2},"end":{"line":31,"column":28}}],"line":27},"2":{"loc":{"start":{"line":34,"column":2},"end":{"line":36,"column":3}},"type":"if","locations":[{"start":{"line":34,"column":2},"end":{"line":36,"column":3}},{"start":{"line":34,"column":2},"end":{"line":36,"column":3}}],"line":34},"3":{"loc":{"start":{"line":49,"column":4},"end":{"line":55,"column":5}},"type":"if","locations":[{"start":{"line":49,"column":4},"end":{"line":55,"column":5}},{"start":{"line":49,"column":4},"end":{"line":55,"column":5}}],"line":49},"4":{"loc":{"start":{"line":49,"column":9},"end":{"line":49,"column":34}},"type":"binary-expr","locations":[{"start":{"line":49,"column":9},"end":{"line":49,"column":13}},{"start":{"line":49,"column":17},"end":{"line":49,"column":34}}],"line":49},"5":{"loc":{"start":{"line":50,"column":19},"end":{"line":50,"column":74}},"type":"cond-expr","locations":[{"start":{"line":50,"column":46},"end":{"line":50,"column":49}},{"start":{"line":50,"column":52},"end":{"line":50,"column":74}}],"line":50},"6":{"loc":{"start":{"line":52,"column":6},"end":{"line":54,"column":7}},"type":"if","locations":[{"start":{"line":52,"column":6},"end":{"line":54,"column":7}},{"start":{"line":52,"column":6},"end":{"line":54,"column":7}}],"line":52},"7":{"loc":{"start":{"line":57,"column":4},"end":{"line":73,"column":5}},"type":"if","locations":[{"start":{"line":57,"column":4},"end":{"line":73,"column":5}},{"start":{"line":57,"column":4},"end":{"line":73,"column":5}}],"line":57},"8":{"loc":{"start":{"line":57,"column":12},"end":{"line":57,"column":42}},"type":"binary-expr","locations":[{"start":{"line":57,"column":12},"end":{"line":57,"column":19}},{"start":{"line":57,"column":23},"end":{"line":57,"column":42}}],"line":57},"9":{"loc":{"start":{"line":58,"column":23},"end":{"line":58,"column":51}},"type":"cond-expr","locations":[{"start":{"line":58,"column":36},"end":{"line":58,"column":45}},{"start":{"line":58,"column":48},"end":{"line":58,"column":51}}],"line":58},"10":{"loc":{"start":{"line":60,"column":6},"end":{"line":72,"column":7}},"type":"if","locations":[{"start":{"line":60,"column":6},"end":{"line":72,"column":7}},{"start":{"line":60,"column":6},"end":{"line":72,"column":7}}],"line":60},"11":{"loc":{"start":{"line":65,"column":8},"end":{"line":69,"column":9}},"type":"if","locations":[{"start":{"line":65,"column":8},"end":{"line":69,"column":9}},{"start":{"line":65,"column":8},"end":{"line":69,"column":9}}],"line":65},"12":{"loc":{"start":{"line":82,"column":2},"end":{"line":84,"column":3}},"type":"if","locations":[{"start":{"line":82,"column":2},"end":{"line":84,"column":3}},{"start":{"line":82,"column":2},"end":{"line":84,"column":3}}],"line":82}},"s":{"0":1,"1":0,"2":0,"3":0,"4":0,"5":0,"6":1,"7":1,"8":7,"9":1,"10":3,"11":0,"12":3,"13":3,"14":3,"15":3,"16":5,"17":5,"18":2,"19":2,"20":2,"21":5,"22":5,"23":5,"24":2,"25":3,"26":3,"27":3,"28":3,"29":5,"30":3,"31":3,"32":2,"33":2,"34":1},"f":{"0":0,"1":0,"2":7,"3":3,"4":5,"5":5,"6":3,"7":2},"b":{"0":[0,0],"1":[7,5,5,5,5],"2":[0,3],"3":[2,3],"4":[5,4],"5":[2,0],"6":[2,0],"7":[5,0],"8":[5,0],"9":[0,5],"10":[2,3],"11":[3,0],"12":[2,1]},"_coverageSchema":"1a1c01bbd47fc00a2c39e90264f33305004495a9","hash":"89010de6058cfdc3dfa8a2ad80c4ff23a3653f14"}
,"D:\\CodeStore\\supplychain-code-store\\scm_frontend_common\\src\\utils\\object\\camelCaseKeys\\mapObj.js": {"path":"D:\\CodeStore\\supplychain-code-store\\scm_frontend_common\\src\\utils\\object\\camelCaseKeys\\mapObj.js","statementMap":{"0":{"start":{"line":11,"column":17},"end":{"line":11,"column":69}},"1":{"start":{"line":11,"column":26},"end":{"line":11,"column":69}},"2":{"start":{"line":14,"column":23},"end":{"line":18,"column":28}},"3":{"start":{"line":15,"column":2},"end":{"line":18,"column":28}},"4":{"start":{"line":20,"column":18},"end":{"line":59,"column":1}},"5":{"start":{"line":24,"column":2},"end":{"line":28,"column":4}},"6":{"start":{"line":30,"column":2},"end":{"line":32,"column":3}},"7":{"start":{"line":31,"column":4},"end":{"line":31,"column":32}},"8":{"start":{"line":34,"column":2},"end":{"line":34,"column":39}},"9":{"start":{"line":36,"column":21},"end":{"line":36,"column":28}},"10":{"start":{"line":37,"column":2},"end":{"line":37,"column":24}},"11":{"start":{"line":39,"column":19},"end":{"line":41,"column":3}},"12":{"start":{"line":39,"column":28},"end":{"line":41,"column":3}},"13":{"start":{"line":39,"column":50},"end":{"line":40,"column":59}},"14":{"start":{"line":42,"column":2},"end":{"line":44,"column":3}},"15":{"start":{"line":43,"column":4},"end":{"line":43,"column":30}},"16":{"start":{"line":46,"column":2},"end":{"line":56,"column":3}},"17":{"start":{"line":47,"column":31},"end":{"line":47,"column":59}},"18":{"start":{"line":49,"column":4},"end":{"line":53,"column":5}},"19":{"start":{"line":50,"column":6},"end":{"line":52,"column":55}},"20":{"start":{"line":55,"column":4},"end":{"line":55,"column":32}},"21":{"start":{"line":58,"column":2},"end":{"line":58,"column":16}},"22":{"start":{"line":62,"column":2},"end":{"line":64,"column":3}},"23":{"start":{"line":63,"column":4},"end":{"line":63,"column":86}},"24":{"start":{"line":66,"column":2},"end":{"line":66,"column":46}}},"fnMap":{"0":{"name":"(anonymous_0)","decl":{"start":{"line":11,"column":17},"end":{"line":11,"column":18}},"loc":{"start":{"line":11,"column":26},"end":{"line":11,"column":69}},"line":11},"1":{"name":"(anonymous_1)","decl":{"start":{"line":14,"column":23},"end":{"line":14,"column":24}},"loc":{"start":{"line":15,"column":2},"end":{"line":18,"column":28}},"line":15},"2":{"name":"(anonymous_2)","decl":{"start":{"line":20,"column":18},"end":{"line":20,"column":19}},"loc":{"start":{"line":23,"column":5},"end":{"line":59,"column":1}},"line":23},"3":{"name":"(anonymous_3)","decl":{"start":{"line":39,"column":19},"end":{"line":39,"column":20}},"loc":{"start":{"line":39,"column":28},"end":{"line":41,"column":3}},"line":39},"4":{"name":"(anonymous_4)","decl":{"start":{"line":39,"column":39},"end":{"line":39,"column":40}},"loc":{"start":{"line":39,"column":50},"end":{"line":40,"column":59}},"line":39},"5":{"name":"(anonymous_5)","decl":{"start":{"line":61,"column":15},"end":{"line":61,"column":16}},"loc":{"start":{"line":61,"column":46},"end":{"line":67,"column":1}},"line":61}},"branchMap":{"0":{"loc":{"start":{"line":11,"column":26},"end":{"line":11,"column":69}},"type":"binary-expr","locations":[{"start":{"line":11,"column":26},"end":{"line":11,"column":51}},{"start":{"line":11,"column":55},"end":{"line":11,"column":69}}],"line":11},"1":{"loc":{"start":{"line":15,"column":2},"end":{"line":18,"column":28}},"type":"binary-expr","locations":[{"start":{"line":15,"column":2},"end":{"line":15,"column":19}},{"start":{"line":16,"column":2},"end":{"line":16,"column":30}},{"start":{"line":17,"column":2},"end":{"line":17,"column":29}},{"start":{"line":18,"column":2},"end":{"line":18,"column":28}}],"line":15},"2":{"loc":{"start":{"line":21,"column":27},"end":{"line":21,"column":49}},"type":"default-arg","locations":[{"start":{"line":21,"column":36},"end":{"line":21,"column":49}}],"line":21},"3":{"loc":{"start":{"line":30,"column":2},"end":{"line":32,"column":3}},"type":"if","locations":[{"start":{"line":30,"column":2},"end":{"line":32,"column":3}},{"start":{"line":30,"column":2},"end":{"line":32,"column":3}}],"line":30},"4":{"loc":{"start":{"line":39,"column":50},"end":{"line":40,"column":59}},"type":"cond-expr","locations":[{"start":{"line":40,"column":4},"end":{"line":40,"column":49}},{"start":{"line":40,"column":52},"end":{"line":40,"column":59}}],"line":39},"5":{"loc":{"start":{"line":42,"column":2},"end":{"line":44,"column":3}},"type":"if","locations":[{"start":{"line":42,"column":2},"end":{"line":44,"column":3}},{"start":{"line":42,"column":2},"end":{"line":44,"column":3}}],"line":42},"6":{"loc":{"start":{"line":49,"column":4},"end":{"line":53,"column":5}},"type":"if","locations":[{"start":{"line":49,"column":4},"end":{"line":53,"column":5}},{"start":{"line":49,"column":4},"end":{"line":53,"column":5}}],"line":49},"7":{"loc":{"start":{"line":49,"column":9},"end":{"line":49,"column":51}},"type":"binary-expr","locations":[{"start":{"line":49,"column":9},"end":{"line":49,"column":21}},{"start":{"line":49,"column":25},"end":{"line":49,"column":51}}],"line":49},"8":{"loc":{"start":{"line":50,"column":17},"end":{"line":52,"column":54}},"type":"cond-expr","locations":[{"start":{"line":51,"column":8},"end":{"line":51,"column":28}},{"start":{"line":52,"column":8},"end":{"line":52,"column":54}}],"line":50},"9":{"loc":{"start":{"line":62,"column":2},"end":{"line":64,"column":3}},"type":"if","locations":[{"start":{"line":62,"column":2},"end":{"line":64,"column":3}},{"start":{"line":62,"column":2},"end":{"line":64,"column":3}}],"line":62}},"s":{"0":1,"1":5,"2":1,"3":0,"4":1,"5":5,"6":5,"7":0,"8":5,"9":5,"10":5,"11":5,"12":0,"13":0,"14":5,"15":0,"16":5,"17":5,"18":5,"19":0,"20":5,"21":5,"22":5,"23":0,"24":5},"f":{"0":5,"1":0,"2":5,"3":0,"4":0,"5":5},"b":{"0":[5,5],"1":[0,0,0,0],"2":[5],"3":[0,5],"4":[0,0],"5":[0,5],"6":[0,5],"7":[5,0],"8":[0,0],"9":[0,5]},"_coverageSchema":"1a1c01bbd47fc00a2c39e90264f33305004495a9","hash":"cd083b163836ea1666415b3a43462b33f6f224f9"}
}
