TN:
SF:src\filters\index.ts
FN:11,(anonymous_0)
FN:12,(anonymous_1)
FN:15,(anonymous_2)
FNF:3
FNH:3
FNDA:2,(anonymous_0)
FNDA:2,(anonymous_1)
FNDA:13,(anonymous_2)
DA:11,4
DA:12,4
DA:15,15
LF:3
LH:3
BRF:0
BRH:0
end_of_record
TN:
SF:src\filters\date\index.ts
FN:17,(anonymous_0)
FN:27,formatDate
FNF:2
FNH:2
FNDA:2,(anonymous_0)
FNDA:13,formatDate
DA:17,2
DA:18,2
DA:27,2
DA:28,13
DA:29,12
DA:31,12
DA:58,12
DA:59,5
DA:65,12
DA:66,96
DA:67,12
DA:68,84
DA:69,16
DA:78,12
LF:14
LH:14
BRDA:27,0,0,0
BRDA:28,1,0,1
BRDA:28,1,1,12
BRDA:28,2,0,13
BRDA:28,2,1,12
BRDA:28,2,2,12
BRDA:58,3,0,5
BRDA:58,3,1,7
BRDA:66,4,0,12
BRDA:66,4,1,84
BRDA:68,5,0,16
BRDA:68,5,1,68
BRDA:72,6,0,3
BRDA:72,6,1,13
BRF:14
BRH:13
end_of_record
TN:
SF:src\filters\ratio\index.ts
FN:11,isEmpty
FN:21,numberToRatio
FN:22,numberToRatio
FN:41,ratioToNumber
FN:42,(anonymous_4)
FNF:5
FNH:5
FNDA:12,isEmpty
FNDA:2,numberToRatio
FNDA:5,numberToRatio
FNDA:2,ratioToNumber
FNDA:7,(anonymous_4)
DA:12,12
DA:21,2
DA:22,2
DA:23,5
DA:24,4
DA:25,4
DA:26,4
DA:27,4
DA:29,1
DA:41,2
DA:42,2
DA:43,7
DA:44,1
DA:46,6
DA:47,6
DA:48,6
DA:49,6
LF:17
LH:17
BRDA:12,0,0,12
BRDA:12,0,1,10
BRDA:12,0,2,10
BRDA:12,0,3,10
BRDA:23,1,0,4
BRDA:23,1,1,1
BRDA:25,2,0,4
BRDA:25,2,1,0
BRDA:41,3,0,0
BRDA:43,4,0,1
BRDA:43,4,1,6
BRDA:47,5,0,6
BRDA:47,5,1,4
BRF:13
BRH:11
end_of_record
TN:
SF:src\utils\index.ts
FN:17,(anonymous_1)
FNF:1
FNH:1
FNDA:3,(anonymous_1)
DA:17,4
LF:1
LH:1
BRF:0
BRH:0
end_of_record
TN:
SF:src\utils\object\camelCaseKeys\QuickLru.js
FN:4,(anonymous_0)
FN:15,(anonymous_1)
FN:26,(anonymous_2)
FN:39,(anonymous_3)
FN:49,(anonymous_4)
FN:53,(anonymous_5)
FN:63,(anonymous_6)
FN:72,(anonymous_7)
FN:78,(anonymous_8)
FN:84,(anonymous_9)
FN:90,(anonymous_10)
FN:103,(anonymous_11)
FNF:12
FNH:5
FNDA:1,(anonymous_0)
FNDA:3,(anonymous_1)
FNDA:2,(anonymous_2)
FNDA:3,(anonymous_3)
FNDA:5,(anonymous_4)
FNDA:0,(anonymous_5)
FNDA:0,(anonymous_6)
FNDA:0,(anonymous_7)
FNDA:0,(anonymous_8)
FNDA:0,(anonymous_9)
FNDA:0,(anonymous_10)
FNDA:0,(anonymous_11)
DA:5,1
DA:6,0
DA:9,1
DA:10,1
DA:11,1
DA:12,1
DA:16,3
DA:17,3
DA:19,3
DA:20,0
DA:21,0
DA:22,0
DA:27,2
DA:28,2
DA:31,0
DA:32,0
DA:33,0
DA:34,0
DA:35,0
DA:40,3
DA:41,0
DA:43,3
DA:46,3
DA:50,5
DA:54,0
DA:55,0
DA:58,0
DA:59,0
DA:64,0
DA:65,0
DA:66,0
DA:69,0
DA:73,0
DA:74,0
DA:75,0
DA:79,0
DA:80,0
DA:85,0
DA:86,0
DA:91,0
DA:92,0
DA:95,0
DA:96,0
DA:97,0
DA:98,0
DA:104,0
DA:105,0
DA:106,0
DA:107,0
DA:111,0
LF:50
LH:14
BRDA:4,0,0,0
BRDA:5,1,0,0
BRDA:5,1,1,1
BRDA:5,2,0,1
BRDA:5,2,1,1
BRDA:19,3,0,0
BRDA:19,3,1,3
BRDA:27,4,0,2
BRDA:27,4,1,0
BRDA:31,5,0,0
BRDA:31,5,1,0
BRDA:40,6,0,0
BRDA:40,6,1,3
BRDA:50,7,0,5
BRDA:50,7,1,3
BRDA:54,8,0,0
BRDA:54,8,1,0
BRDA:58,9,0,0
BRDA:58,9,1,0
BRDA:65,10,0,0
BRDA:65,10,1,0
BRDA:69,11,0,0
BRDA:69,11,1,0
BRDA:97,12,0,0
BRDA:97,12,1,0
BRDA:106,13,0,0
BRDA:106,13,1,0
BRF:27
BRH:8
end_of_record
TN:
SF:src\utils\object\camelCaseKeys\camelCase.js
FN:11,(anonymous_0)
FN:49,(anonymous_1)
FN:58,(anonymous_2)
FN:61,(anonymous_3)
FN:62,(anonymous_4)
FN:85,(anonymous_5)
FN:86,(anonymous_6)
FNF:7
FNH:3
FNDA:0,(anonymous_0)
FNDA:3,(anonymous_1)
FNDA:2,(anonymous_2)
FNDA:0,(anonymous_3)
FNDA:0,(anonymous_4)
FNDA:3,(anonymous_5)
FNDA:0,(anonymous_6)
DA:11,1
DA:12,0
DA:13,0
DA:14,0
DA:16,0
DA:17,0
DA:19,0
DA:23,0
DA:24,0
DA:25,0
DA:26,0
DA:27,0
DA:28,0
DA:33,0
DA:34,0
DA:35,0
DA:36,0
DA:38,0
DA:40,0
DA:41,0
DA:46,0
DA:49,1
DA:50,3
DA:51,0
DA:54,3
DA:58,3
DA:60,3
DA:61,0
DA:62,0
DA:65,3
DA:68,3
DA:69,0
DA:72,3
DA:73,1
DA:76,2
DA:78,2
DA:79,0
DA:82,2
DA:85,3
DA:86,0
DA:88,2
LF:41
LH:15
BRDA:19,0,0,0
BRDA:19,0,1,0
BRDA:20,1,0,0
BRDA:20,1,1,0
BRDA:20,1,2,0
BRDA:28,2,0,0
BRDA:28,2,1,0
BRDA:29,3,0,0
BRDA:29,3,1,0
BRDA:29,3,2,0
BRDA:29,3,3,0
BRDA:38,4,0,0
BRDA:38,4,1,0
BRDA:41,5,0,0
BRDA:41,5,1,0
BRDA:50,6,0,0
BRDA:50,6,1,3
BRDA:50,7,0,3
BRDA:50,7,1,0
BRDA:58,8,0,0
BRDA:58,8,1,2
BRDA:60,9,0,0
BRDA:60,9,1,3
BRDA:68,10,0,0
BRDA:68,10,1,3
BRDA:72,11,0,1
BRDA:72,11,1,2
BRDA:73,12,0,0
BRDA:73,12,1,1
BRDA:78,13,0,0
BRDA:78,13,1,2
BRF:31
BRH:9
end_of_record
TN:
SF:src\utils\object\camelCaseKeys\index.js
FN:14,(anonymous_0)
FN:14,(anonymous_1)
FN:26,(anonymous_2)
FN:33,(anonymous_3)
FN:48,(anonymous_4)
FN:48,(anonymous_5)
FN:81,(anonymous_6)
FN:83,(anonymous_7)
FNF:8
FNH:6
FNDA:0,(anonymous_0)
FNDA:0,(anonymous_1)
FNDA:7,(anonymous_2)
FNDA:3,(anonymous_3)
FNDA:5,(anonymous_4)
FNDA:5,(anonymous_5)
FNDA:3,(anonymous_6)
FNDA:2,(anonymous_7)
DA:14,1
DA:15,0
DA:16,0
DA:19,0
DA:20,0
DA:23,1
DA:26,1
DA:27,7
DA:33,1
DA:34,3
DA:35,0
DA:38,3
DA:44,3
DA:46,3
DA:48,5
DA:49,5
DA:50,2
DA:52,2
DA:53,2
DA:57,5
DA:58,5
DA:60,5
DA:61,2
DA:63,3
DA:65,3
DA:68,3
DA:71,3
DA:75,5
DA:78,3
DA:82,3
DA:83,2
DA:86,1
LF:32
LH:27
BRDA:15,0,0,0
BRDA:15,0,1,0
BRDA:27,1,0,7
BRDA:27,1,1,5
BRDA:27,1,2,5
BRDA:27,1,3,5
BRDA:27,1,4,5
BRDA:34,2,0,0
BRDA:34,2,1,3
BRDA:49,3,0,2
BRDA:49,3,1,3
BRDA:49,4,0,5
BRDA:49,4,1,4
BRDA:50,5,0,2
BRDA:50,5,1,0
BRDA:52,6,0,2
BRDA:52,6,1,0
BRDA:57,7,0,5
BRDA:57,7,1,0
BRDA:57,8,0,5
BRDA:57,8,1,0
BRDA:58,9,0,0
BRDA:58,9,1,5
BRDA:60,10,0,2
BRDA:60,10,1,3
BRDA:65,11,0,3
BRDA:65,11,1,0
BRDA:82,12,0,2
BRDA:82,12,1,1
BRF:29
BRH:20
end_of_record
TN:
SF:src\utils\object\camelCaseKeys\mapObj.js
FN:11,(anonymous_0)
FN:14,(anonymous_1)
FN:20,(anonymous_2)
FN:39,(anonymous_3)
FN:39,(anonymous_4)
FN:61,(anonymous_5)
FNF:6
FNH:3
FNDA:5,(anonymous_0)
FNDA:0,(anonymous_1)
FNDA:5,(anonymous_2)
FNDA:0,(anonymous_3)
FNDA:0,(anonymous_4)
FNDA:5,(anonymous_5)
DA:11,5
DA:14,1
DA:15,0
DA:20,1
DA:24,5
DA:30,5
DA:31,0
DA:34,5
DA:36,5
DA:37,5
DA:39,5
DA:42,5
DA:43,0
DA:46,5
DA:47,5
DA:49,5
DA:50,0
DA:55,5
DA:58,5
DA:62,5
DA:63,0
DA:66,5
LF:22
LH:17
BRDA:11,0,0,5
BRDA:11,0,1,5
BRDA:15,1,0,0
BRDA:15,1,1,0
BRDA:15,1,2,0
BRDA:15,1,3,0
BRDA:21,2,0,5
BRDA:30,3,0,0
BRDA:30,3,1,5
BRDA:39,4,0,0
BRDA:39,4,1,0
BRDA:42,5,0,0
BRDA:42,5,1,5
BRDA:49,6,0,0
BRDA:49,6,1,5
BRDA:49,7,0,5
BRDA:49,7,1,0
BRDA:50,8,0,0
BRDA:50,8,1,0
BRDA:62,9,0,0
BRDA:62,9,1,5
BRF:21
BRH:8
end_of_record
